0 info it worked if it ends with ok
1 verbose cli [ 'node',
1 verbose cli   '/Users/amr/.nvm/versions/node/v0.12.7/bin/npm',
1 verbose cli   'start' ]
2 info using npm@3.10.5
3 info using node@v0.12.7
4 verbose run-script [ 'prestart', 'start', 'poststart' ]
5 info lifecycle confusion-rest-apis@0.0.0~prestart: confusion-rest-apis@0.0.0
6 silly lifecycle confusion-rest-apis@0.0.0~prestart: no script for prestart, continuing
7 info lifecycle confusion-rest-apis@0.0.0~start: confusion-rest-apis@0.0.0
8 verbose lifecycle confusion-rest-apis@0.0.0~start: unsafe-perm in lifecycle true
9 verbose lifecycle confusion-rest-apis@0.0.0~start: PATH: /Users/amr/.nvm/versions/node/v0.12.7/lib/node_modules/npm/bin/node-gyp-bin:/Users/amr/confusion-rest-apis/node_modules/.bin:/Users/amr/.nvm/versions/node/v0.12.7/bin:/Users/amr/mongodb/bin:/Users/amr/.nvm/versions/node/v0.12.7/bin:/Users/amr/homebrew/Cellar/git/2.6.4/bin:/Users/amr/.rbenv/shims:/Users/amr/homebrew/bin:/usr/local/bin:/usr/bin:/bin:/usr/sbin:/sbin
10 verbose lifecycle confusion-rest-apis@0.0.0~start: CWD: /Users/amr/confusion-rest-apis
11 silly lifecycle confusion-rest-apis@0.0.0~start: Args: [ '-c', 'node ./bin/www' ]
12 silly lifecycle confusion-rest-apis@0.0.0~start: Returned: code: 1  signal: null
13 info lifecycle confusion-rest-apis@0.0.0~start: Failed to exec start script
14 verbose stack Error: confusion-rest-apis@0.0.0 start: `node ./bin/www`
14 verbose stack Exit status 1
14 verbose stack     at EventEmitter.<anonymous> (/Users/amr/.nvm/versions/node/v0.12.7/lib/node_modules/npm/lib/utils/lifecycle.js:242:16)
14 verbose stack     at EventEmitter.emit (events.js:110:17)
14 verbose stack     at ChildProcess.<anonymous> (/Users/amr/.nvm/versions/node/v0.12.7/lib/node_modules/npm/lib/utils/spawn.js:40:14)
14 verbose stack     at ChildProcess.emit (events.js:110:17)
14 verbose stack     at maybeClose (child_process.js:1015:16)
14 verbose stack     at Process.ChildProcess._handle.onexit (child_process.js:1087:5)
15 verbose pkgid confusion-rest-apis@0.0.0
16 verbose cwd /Users/amr/confusion-rest-apis
17 error Darwin 16.6.0
18 error argv "node" "/Users/amr/.nvm/versions/node/v0.12.7/bin/npm" "start"
19 error node v0.12.7
20 error npm  v3.10.5
21 error code ELIFECYCLE
22 error confusion-rest-apis@0.0.0 start: `node ./bin/www`
22 error Exit status 1
23 error Failed at the confusion-rest-apis@0.0.0 start script 'node ./bin/www'.
23 error Make sure you have the latest version of node.js and npm installed.
23 error If you do, this is most likely a problem with the confusion-rest-apis package,
23 error not with npm itself.
23 error Tell the author that this fails on your system:
23 error     node ./bin/www
23 error You can get information on how to open an issue for this project with:
23 error     npm bugs confusion-rest-apis
23 error Or if that isn't available, you can get their info via:
23 error     npm owner ls confusion-rest-apis
23 error There is likely additional logging output above.
24 verbose exit [ 1, true ]
